Running: D:\Software\Xilinx\14.7\ISE_DS\ISE\bin\nt64\unwrapped\fuse.exe -intstyle ise -incremental -o D:/UNI/2020.21/HDL/Projects/SevenCounter/SevenCounter_tl_isim_beh.exe -prj D:/UNI/2020.21/HDL/Projects/SevenCounter/SevenCounter_tl_beh.prj work.SevenCounter_tl 
ISim P.20131013 (signature 0x7708f090)
Number of CPUs detected in this system: 8
Turning on mult-threading, number of parallel sub-compilation jobs: 16 
Determining compilation order of HDL files
Parsing VHDL file "D:/UNI/2020.21/HDL/Projects/SevenCounter/SevenCounter_tb.vhd" into library work
Parsing VHDL file "D:/UNI/2020.21/HDL/Projects/SevenCounter/DisplayDriver.vhd" into library work
Parsing VHDL file "D:/UNI/2020.21/HDL/Projects/SevenCounter/Counter.vhd" into library work
Parsing VHDL file "D:/UNI/2020.21/HDL/Projects/SevenCounter/SevenCounter_tl.vhd" into library work
Starting static elaboration
Completed static elaboration
Compiling package standard
Compiling package std_logic_1164
Compiling package std_logic_arith
Compiling package attributes
Compiling package std_logic_misc
Compiling package std_logic_unsigned
Compiling architecture behavioral of entity DisplayDriver [displaydriver_default]
Compiling architecture behavioral of entity Counter [counter_default]
Compiling architecture behavior of entity SevenCounter_tb [sevencounter_tb_default]
Compiling architecture sevencounter_tl_arch of entity sevencounter_tl
Time Resolution for simulation is 1ps.
Waiting for 1 sub-compilation(s) to finish...
WARNING:Simulator - Unable to copy libPortabilityNOSH.dll to the simulation executable directory: boost::filesystem::copy_file: The system cannot find the path specified, "isim\SevenCounter_tl_isim_beh.exe.sim\libPortability.dll".
Compiled 13 VHDL Units
Built simulation executable D:/UNI/2020.21/HDL/Projects/SevenCounter/SevenCounter_tl_isim_beh.exe
Fuse Memory Usage: 35032 KB
Fuse CPU Usage: 436 ms
