ISim log file
Running: D:\UNI\2020.21\HDL\Projects\SevenCounter\SevenCounter_tl_isim_beh.exe -intstyle ise -gui -tclbatch isim.cmd -wdb D:/UNI/2020.21/HDL/Projects/SevenCounter/SevenCounter_tl_isim_beh.wdb 
ISim P.20131013 (signature 0x7708f090)
This is a Full version of ISim.
Time resolution is 1 ps
# onerror resume
# wave add /
# run 1000 ns
Simulator is doing circuit initialization process.
Finished circuit initialization process.
# restart
# run 300ns
Simulator is doing circuit initialization process.
Finished circuit initialization process.
# restart
# run 150ns
Simulator is doing circuit initialization process.
Finished circuit initialization process.
# restart
# run 300ns
Simulator is doing circuit initialization process.
Finished circuit initialization process.
