Running: D:\Software\Xilinx\14.7\ISE_DS\ISE\bin\nt64\unwrapped\fuse.exe -intstyle ise -incremental -o C:/Users/Luca/Documents/Personal Work/UNI/2020.21/HDL/Projects/IntMult/IntMult_tl_isim_beh.exe -prj C:/Users/Luca/Documents/Personal Work/UNI/2020.21/HDL/Projects/IntMult/IntMult_tl_beh.prj work.IntMult_tl 
ISim P.20131013 (signature 0x7708f090)
Number of CPUs detected in this system: 8
Turning on mult-threading, number of parallel sub-compilation jobs: 16 
Determining compilation order of HDL files
Parsing VHDL file "C:/Users/Luca/Documents/Personal Work/UNI/2020.21/HDL/Projects/IntMult/IntMult_tb.vhd" into library work
Parsing VHDL file "C:/Users/Luca/Documents/Personal Work/UNI/2020.21/HDL/Projects/IntMult/IntMult.vhd" into library work
Parsing VHDL file "C:/Users/Luca/Documents/Personal Work/UNI/2020.21/HDL/Projects/IntMult/IntMult_tl.vhd" into library work
Starting static elaboration
Completed static elaboration
Compiling package standard
Compiling package std_logic_1164
Compiling package std_logic_arith
Compiling package attributes
Compiling package std_logic_misc
Compiling package std_logic_unsigned
Compiling architecture behavioral of entity IntMult [intmult_default]
Compiling architecture behavior of entity IntMult_tb [intmult_tb_default]
Compiling architecture intmult_tl_arch of entity intmult_tl
Time Resolution for simulation is 1ps.
Waiting for 1 sub-compilation(s) to finish...
WARNING:Simulator - Unable to copy libPortabilityNOSH.dll to the simulation executable directory: boost::filesystem::copy_file: The system cannot find the path specified, "isim\IntMult_tl_isim_beh.exe.sim\libPortability.dll".
Compiled 11 VHDL Units
Built simulation executable C:/Users/Luca/Documents/Personal Work/UNI/2020.21/HDL/Projects/IntMult/IntMult_tl_isim_beh.exe
Fuse Memory Usage: 34844 KB
Fuse CPU Usage: 453 ms
